生成启动时间为 2017/9/12 15:53:20。
     1>项目“D:\back\VS2010\hello_world\hello_world\hello_world.vcxproj”在节点 2 上(build 个目标)。
     1>InitializeBuildStatus:
         正在创建“Release\hello_world.unsuccessfulbuild”，因为已指定“AlwaysCreate”。
       ClCompile:
         D:\Program Files (x86)\Microsoft Visual Studio 10.0\VC\bin\CL.exe /c /Zi /nologo /W3 /WX- /O2 /Oi /Oy- /GL /D WIN32 /D NDEBUG /D _CONSOLE /D _UNICODE /D UNICODE /Gm- /EHsc /MD /GS /Gy /fp:precise /Zc:wchar_t /Zc:forScope /Fo"Release\\" /Fd"Release\vc100.pdb" /Gd /TC /analyze- /errorReport:prompt download.c
         download.c
     1>download.c(249): warning C4101: “fp”: 未引用的局部变量
     1>download.c(250): warning C4101: “j”: 未引用的局部变量
     1>download.c(387): warning C4996: 'open': The POSIX name for this item is deprecated. Instead, use the ISO C++ conformant name: _open. See online help for details.
                 D:\Program Files (x86)\Microsoft Visual Studio 10.0\VC\include\io.h(312) : 参见“open”的声明
     1>download.c(395): warning C4018: “<”: 有符号/无符号不匹配
     1>download.c(397): warning C4996: 'read': The POSIX name for this item is deprecated. Instead, use the ISO C++ conformant name: _read. See online help for details.
                 D:\Program Files (x86)\Microsoft Visual Studio 10.0\VC\include\io.h(313) : 参见“read”的声明
     1>download.c(405): warning C4996: 'close': The POSIX name for this item is deprecated. Instead, use the ISO C++ conformant name: _close. See online help for details.
                 D:\Program Files (x86)\Microsoft Visual Studio 10.0\VC\include\io.h(302) : 参见“close”的声明
     1>download.c(444): warning C4996: 'open': The POSIX name for this item is deprecated. Instead, use the ISO C++ conformant name: _open. See online help for details.
                 D:\Program Files (x86)\Microsoft Visual Studio 10.0\VC\include\io.h(312) : 参见“open”的声明
     1>download.c(451): warning C4996: 'read': The POSIX name for this item is deprecated. Instead, use the ISO C++ conformant name: _read. See online help for details.
                 D:\Program Files (x86)\Microsoft Visual Studio 10.0\VC\include\io.h(313) : 参见“read”的声明
     1>download.c(452): warning C4996: 'read': The POSIX name for this item is deprecated. Instead, use the ISO C++ conformant name: _read. See online help for details.
                 D:\Program Files (x86)\Microsoft Visual Studio 10.0\VC\include\io.h(313) : 参见“read”的声明
     1>download.c(453): warning C4996: 'close': The POSIX name for this item is deprecated. Instead, use the ISO C++ conformant name: _close. See online help for details.
                 D:\Program Files (x86)\Microsoft Visual Studio 10.0\VC\include\io.h(302) : 参见“close”的声明
     1>download.c(502): warning C4996: 'open': The POSIX name for this item is deprecated. Instead, use the ISO C++ conformant name: _open. See online help for details.
                 D:\Program Files (x86)\Microsoft Visual Studio 10.0\VC\include\io.h(312) : 参见“open”的声明
     1>download.c(509): warning C4996: 'open': The POSIX name for this item is deprecated. Instead, use the ISO C++ conformant name: _open. See online help for details.
                 D:\Program Files (x86)\Microsoft Visual Studio 10.0\VC\include\io.h(312) : 参见“open”的声明
     1>download.c(511): warning C4996: 'read': The POSIX name for this item is deprecated. Instead, use the ISO C++ conformant name: _read. See online help for details.
                 D:\Program Files (x86)\Microsoft Visual Studio 10.0\VC\include\io.h(313) : 参见“read”的声明
     1>download.c(520): warning C4018: “<”: 有符号/无符号不匹配
     1>download.c(543): warning C4996: 'read': The POSIX name for this item is deprecated. Instead, use the ISO C++ conformant name: _read. See online help for details.
                 D:\Program Files (x86)\Microsoft Visual Studio 10.0\VC\include\io.h(313) : 参见“read”的声明
     1>download.c(585): warning C4996: 'close': The POSIX name for this item is deprecated. Instead, use the ISO C++ conformant name: _close. See online help for details.
                 D:\Program Files (x86)\Microsoft Visual Studio 10.0\VC\include\io.h(302) : 参见“close”的声明
       Link:
         D:\Program Files (x86)\Microsoft Visual Studio 10.0\VC\bin\link.exe /ERRORREPORT:PROMPT /OUT:"D:\back\VS2010\hello_world\Release\hello_world.exe" /INCREMENTAL:NO /NOLOGO kernel32.lib user32.lib gdi32.lib winspool.lib comdlg32.lib advapi32.lib shell32.lib ole32.lib oleaut32.lib uuid.lib odbc32.lib odbccp32.lib /MANIFEST /ManifestFile:"Release\hello_world.exe.intermediate.manifest" /MANIFESTUAC:"level='asInvoker' uiAccess='false'" /DEBUG /PDB:"D:\back\VS2010\hello_world\Release\hello_world.pdb" /SUBSYSTEM:CONSOLE /OPT:REF /OPT:ICF /LTCG /TLBID:1 /DYNAMICBASE /NXCOMPAT /IMPLIB:"D:\back\VS2010\hello_world\Release\hello_world.lib" /MACHINE:X86 Release\com.obj
         Release\download.obj
         Release\hello.obj
         Release\newsha256.obj
         正在生成代码
     1>d:\back\vs2010\hello_world\hello_world\com.c(57): warning C4716: “config_com”: 必须返回一个值
     1>d:\back\vs2010\hello_world\hello_world\download.c(244): warning C4715: “download_step_two”: 不是所有的控件路径都返回值
     1>d:\back\vs2010\hello_world\hello_world\download.c(357): warning C4715: “download_step_three”: 不是所有的控件路径都返回值
         已完成代码的生成
         hello_world.vcxproj -> D:\back\VS2010\hello_world\Release\hello_world.exe
       Manifest:
         C:\Program Files (x86)\Microsoft SDKs\Windows\v7.0A\bin\mt.exe /nologo /verbose /outputresource:"D:\back\VS2010\hello_world\Release\hello_world.exe;#1" /manifest Release\hello_world.exe.intermediate.manifest
       FinalizeBuildStatus:
         正在删除文件“Release\hello_world.unsuccessfulbuild”。
         正在对“Release\hello_world.lastbuildstate”执行 Touch 任务。
     1>已完成生成项目“D:\back\VS2010\hello_world\hello_world\hello_world.vcxproj”(build 个目标)的操作。

生成成功。

已用时间 00:00:01.46
