生成启动时间为 2017/7/31 17:47:04。
     1>项目“D:\back\VS2010\hello_world\hello_world\hello_world.vcxproj”在节点 2 上(build 个目标)。
     1>InitializeBuildStatus:
         正在创建“Debug\hello_world.unsuccessfulbuild”，因为已指定“AlwaysCreate”。
       ClCompile:
         D:\Program Files (x86)\Microsoft Visual Studio 10.0\VC\bin\CL.exe /c /Zi /nologo /W3 /WX- /Od /Oy- /D WIN32 /D _DEBUG /D _CONSOLE /D _UNICODE /D UNICODE /Gm /EHsc /RTC1 /MDd /GS /fp:precise /Zc:wchar_t /Zc:forScope /Fo"Debug\\" /Fd"Debug\vc100.pdb" /Gd /TC /analyze- /errorReport:prompt download.c
         download.c
     1>download.c(248): warning C4101: “fp”: 未引用的局部变量
     1>download.c(249): warning C4101: “j”: 未引用的局部变量
     1>download.c(386): warning C4996: 'open': The POSIX name for this item is deprecated. Instead, use the ISO C++ conformant name: _open. See online help for details.
                 D:\Program Files (x86)\Microsoft Visual Studio 10.0\VC\include\io.h(312) : 参见“open”的声明
     1>download.c(394): warning C4018: “<”: 有符号/无符号不匹配
     1>download.c(396): warning C4996: 'read': The POSIX name for this item is deprecated. Instead, use the ISO C++ conformant name: _read. See online help for details.
                 D:\Program Files (x86)\Microsoft Visual Studio 10.0\VC\include\io.h(313) : 参见“read”的声明
     1>download.c(404): warning C4996: 'close': The POSIX name for this item is deprecated. Instead, use the ISO C++ conformant name: _close. See online help for details.
                 D:\Program Files (x86)\Microsoft Visual Studio 10.0\VC\include\io.h(302) : 参见“close”的声明
     1>download.c(441): warning C4996: 'open': The POSIX name for this item is deprecated. Instead, use the ISO C++ conformant name: _open. See online help for details.
                 D:\Program Files (x86)\Microsoft Visual Studio 10.0\VC\include\io.h(312) : 参见“open”的声明
     1>download.c(448): warning C4996: 'read': The POSIX name for this item is deprecated. Instead, use the ISO C++ conformant name: _read. See online help for details.
                 D:\Program Files (x86)\Microsoft Visual Studio 10.0\VC\include\io.h(313) : 参见“read”的声明
     1>download.c(449): warning C4996: 'read': The POSIX name for this item is deprecated. Instead, use the ISO C++ conformant name: _read. See online help for details.
                 D:\Program Files (x86)\Microsoft Visual Studio 10.0\VC\include\io.h(313) : 参见“read”的声明
     1>download.c(450): warning C4996: 'close': The POSIX name for this item is deprecated. Instead, use the ISO C++ conformant name: _close. See online help for details.
                 D:\Program Files (x86)\Microsoft Visual Studio 10.0\VC\include\io.h(302) : 参见“close”的声明
     1>download.c(498): warning C4996: 'open': The POSIX name for this item is deprecated. Instead, use the ISO C++ conformant name: _open. See online help for details.
                 D:\Program Files (x86)\Microsoft Visual Studio 10.0\VC\include\io.h(312) : 参见“open”的声明
     1>download.c(505): warning C4996: 'open': The POSIX name for this item is deprecated. Instead, use the ISO C++ conformant name: _open. See online help for details.
                 D:\Program Files (x86)\Microsoft Visual Studio 10.0\VC\include\io.h(312) : 参见“open”的声明
     1>download.c(507): warning C4996: 'read': The POSIX name for this item is deprecated. Instead, use the ISO C++ conformant name: _read. See online help for details.
                 D:\Program Files (x86)\Microsoft Visual Studio 10.0\VC\include\io.h(313) : 参见“read”的声明
     1>download.c(516): warning C4018: “<”: 有符号/无符号不匹配
     1>download.c(530): warning C4996: 'read': The POSIX name for this item is deprecated. Instead, use the ISO C++ conformant name: _read. See online help for details.
                 D:\Program Files (x86)\Microsoft Visual Studio 10.0\VC\include\io.h(313) : 参见“read”的声明
     1>download.c(561): warning C4996: 'close': The POSIX name for this item is deprecated. Instead, use the ISO C++ conformant name: _close. See online help for details.
                 D:\Program Files (x86)\Microsoft Visual Studio 10.0\VC\include\io.h(302) : 参见“close”的声明
     1>d:\back\vs2010\hello_world\hello_world\download.c(243): warning C4715: “download_step_two”: 不是所有的控件路径都返回值
     1>d:\back\vs2010\hello_world\hello_world\download.c(356): warning C4715: “download_step_three”: 不是所有的控件路径都返回值
       ManifestResourceCompile:
         所有输出均为最新。
       Link:
         D:\Program Files (x86)\Microsoft Visual Studio 10.0\VC\bin\link.exe /ERRORREPORT:PROMPT /OUT:"D:\back\VS2010\hello_world\Debug\hello_world.exe" /INCREMENTAL /NOLOGO kernel32.lib user32.lib gdi32.lib winspool.lib comdlg32.lib advapi32.lib shell32.lib ole32.lib oleaut32.lib uuid.lib odbc32.lib odbccp32.lib /MANIFEST /ManifestFile:"Debug\hello_world.exe.intermediate.manifest" /MANIFESTUAC:"level='asInvoker' uiAccess='false'" /DEBUG /PDB:"D:\back\VS2010\hello_world\Debug\hello_world.pdb" /SUBSYSTEM:CONSOLE /TLBID:1 /DYNAMICBASE /NXCOMPAT /IMPLIB:"D:\back\VS2010\hello_world\Debug\hello_world.lib" /MACHINE:X86 Debug\hello_world.exe.embed.manifest.res
         Debug\com.obj
         Debug\download.obj
         Debug\hello.obj
         Debug\newsha256.obj
       Manifest:
         C:\Program Files (x86)\Microsoft SDKs\Windows\v7.0A\bin\mt.exe /nologo /verbose /out:"Debug\hello_world.exe.embed.manifest" /manifest Debug\hello_world.exe.intermediate.manifest
         所有输出均为最新。
       LinkEmbedManifest:
         所有输出均为最新。
         hello_world.vcxproj -> D:\back\VS2010\hello_world\Debug\hello_world.exe
       FinalizeBuildStatus:
         正在删除文件“Debug\hello_world.unsuccessfulbuild”。
         正在对“Debug\hello_world.lastbuildstate”执行 Touch 任务。
     1>已完成生成项目“D:\back\VS2010\hello_world\hello_world\hello_world.vcxproj”(build 个目标)的操作。

生成成功。

已用时间 00:00:01.16
