D:\BACK\VS2010\HELLO_WORLD\DEBUG\HELLO_WORLD.EXE
D:\BACK\VS2010\HELLO_WORLD\DEBUG\HELLO_WORLD.ILK
D:\BACK\VS2010\HELLO_WORLD\DEBUG\HELLO_WORLD.PDB
D:\back\VS2010\hello_world\hello_world\Debug\cl.command.1.tlog
D:\back\VS2010\hello_world\hello_world\Debug\CL.read.1.tlog
D:\back\VS2010\hello_world\hello_world\Debug\CL.write.1.tlog
D:\BACK\VS2010\HELLO_WORLD\HELLO_WORLD\DEBUG\COM.OBJ
D:\BACK\VS2010\HELLO_WORLD\HELLO_WORLD\DEBUG\DOWNLOAD.OBJ
D:\BACK\VS2010\HELLO_WORLD\HELLO_WORLD\DEBUG\HELLO.OBJ
D:\BACK\VS2010\HELLO_WORLD\HELLO_WORLD\DEBUG\HELLO_WORLD.EXE.EMBED.MANIFEST
D:\BACK\VS2010\HELLO_WORLD\HELLO_WORLD\DEBUG\HELLO_WORLD.EXE.EMBED.MANIFEST.RES
D:\BACK\VS2010\HELLO_WORLD\HELLO_WORLD\DEBUG\HELLO_WORLD.EXE.INTERMEDIATE.MANIFEST
D:\back\VS2010\hello_world\hello_world\Debug\hello_world.write.1.tlog
D:\back\VS2010\hello_world\hello_world\Debug\hello_world_manifest.rc
D:\back\VS2010\hello_world\hello_world\Debug\link.4156.read.1.tlog
D:\back\VS2010\hello_world\hello_world\Debug\link.4156.write.1.tlog
D:\back\VS2010\hello_world\hello_world\Debug\link.4156-cvtres.read.1.tlog
D:\back\VS2010\hello_world\hello_world\Debug\link.4156-cvtres.write.1.tlog
D:\back\VS2010\hello_world\hello_world\Debug\link.7040.read.1.tlog
D:\back\VS2010\hello_world\hello_world\Debug\link.7040.write.1.tlog
D:\back\VS2010\hello_world\hello_world\Debug\link.7040-cvtres.read.1.tlog
D:\back\VS2010\hello_world\hello_world\Debug\link.7040-cvtres.write.1.tlog
D:\back\VS2010\hello_world\hello_world\Debug\link.7404.read.1.tlog
D:\back\VS2010\hello_world\hello_world\Debug\link.7404.write.1.tlog
D:\back\VS2010\hello_world\hello_world\Debug\link.7404-cvtres.read.1.tlog
D:\back\VS2010\hello_world\hello_world\Debug\link.7404-cvtres.write.1.tlog
D:\back\VS2010\hello_world\hello_world\Debug\link.command.1.tlog
D:\back\VS2010\hello_world\hello_world\Debug\link.read.1.tlog
D:\back\VS2010\hello_world\hello_world\Debug\link.write.1.tlog
D:\back\VS2010\hello_world\hello_world\Debug\link-cvtres.read.1.tlog
D:\back\VS2010\hello_world\hello_world\Debug\link-cvtres.write.1.tlog
D:\back\VS2010\hello_world\hello_world\Debug\mt.command.1.tlog
D:\back\VS2010\hello_world\hello_world\Debug\mt.read.1.tlog
D:\back\VS2010\hello_world\hello_world\Debug\mt.write.1.tlog
D:\back\VS2010\hello_world\hello_world\Debug\rc.command.1.tlog
D:\back\VS2010\hello_world\hello_world\Debug\rc.read.1.tlog
D:\back\VS2010\hello_world\hello_world\Debug\rc.write.1.tlog
D:\BACK\VS2010\HELLO_WORLD\HELLO_WORLD\DEBUG\SCOM.OBJ
D:\back\VS2010\hello_world\hello_world\Debug\vc100.idb
D:\BACK\VS2010\HELLO_WORLD\HELLO_WORLD\DEBUG\VC100.PDB
